# JRE version: 7.0_09-b05
# Java VM: Java HotSpot(TM) 64-Bit Server VM (23.5-b02 mixed mode bsd-amd64 compressed oops)
Heap
 PSYoungGen      total 37312K, used 22537K [0x000000013e440000, 0x0000000141530000, 0x0000000158240000)
  eden space 27840K, 75% used [0x000000013e440000,0x000000013f8b7c80,0x000000013ff70000)
  from space 9472K, 16% used [0x00000001408b0000,0x0000000140a3aaf8,0x00000001411f0000)
  to   space 9472K, 0% used [0x000000013ff70000,0x000000013ff70000,0x00000001408b0000)
 ParOldGen       total 238464K, used 179724K [0x000000010a840000, 0x0000000119120000, 0x000000013e440000)
  object space 238464K, 75% used [0x000000010a840000,0x00000001157c3298,0x0000000119120000)
 PSPermGen       total 35968K, used 20825K [0x0000000105640000, 0x0000000107960000, 0x000000010a840000)
  object space 35968K, 57% used [0x0000000105640000,0x0000000106a96758,0x0000000107960000)
GC Heap History (10 events):
Event: 3.817 GC heap before
{Heap before GC invocations=7 (full 3):
 PSYoungGen      total 23168K, used 19904K [0x000000013e440000, 0x0000000141180000, 0x0000000158240000)
  eden space 19904K, 100% used [0x000000013e440000,0x000000013f7b0000,0x000000013f7b0000)
  from space 3264K, 0% used [0x000000013f7b0000,0x000000013f7b0000,0x000000013fae0000)
  to   space 3264K, 0% used [0x0000000140e50000,0x0000000140e50000,0x0000000141180000)
 ParOldGen       total 134272K, used 100684K [0x000000010a840000, 0x0000000112b60000, 0x000000013e440000)
  object space 134272K, 74% used [0x000000010a840000,0x0000000110a93360,0x0000000112b60000)
 PSPermGen       total 39296K, used 18465K [0x0000000105640000, 0x0000000107ca0000, 0x000000010a840000)
  object space 39296K, 46% used [0x0000000105640000,0x00000001068486f0,0x0000000107ca0000)
Event: 3.850 GC heap after
Heap after GC invocations=7 (full 3):
 PSYoungGen      total 22848K, used 224K [0x000000013e440000, 0x0000000140e90000, 0x0000000158240000)
  eden space 22592K, 0% used [0x000000013e440000,0x000000013e440000,0x000000013fa50000)
  from space 256K, 87% used [0x0000000140e50000,0x0000000140e88000,0x0000000140e90000)
  to   space 3264K, 0% used [0x0000000140830000,0x0000000140830000,0x0000000140b60000)
 ParOldGen       total 134272K, used 100684K [0x000000010a840000, 0x0000000112b60000, 0x000000013e440000)
  object space 134272K, 74% used [0x000000010a840000,0x0000000110a93360,0x0000000112b60000)
 PSPermGen       total 39296K, used 18465K [0x0000000105640000, 0x0000000107ca0000, 0x000000010a840000)
  object space 39296K, 46% used [0x0000000105640000,0x00000001068486f0,0x0000000107ca0000)
}
Event: 4.220 GC heap before
{Heap before GC invocations=8 (full 4):
 PSYoungGen      total 22848K, used 22816K [0x000000013e440000, 0x0000000140e90000, 0x0000000158240000)
  eden space 22592K, 100% used [0x000000013e440000,0x000000013fa50000,0x000000013fa50000)
  from space 256K, 87% used [0x0000000140e50000,0x0000000140e88000,0x0000000140e90000)
  to   space 3264K, 0% used [0x0000000140830000,0x0000000140830000,0x0000000140b60000)
 ParOldGen       total 212672K, used 210059K [0x000000010a840000, 0x00000001177f0000, 0x000000013e440000)
  object space 212672K, 98% used [0x000000010a840000,0x0000000117562fd0,0x00000001177f0000)
 PSPermGen       total 39296K, used 18502K [0x0000000105640000, 0x0000000107ca0000, 0x000000010a840000)
  object space 39296K, 47% used [0x0000000105640000,0x0000000106851ac8,0x0000000107ca0000)
Event: 4.313 GC heap after
Heap after GC invocations=8 (full 4):
 PSYoungGen      total 22848K, used 0K [0x000000013e440000, 0x0000000140e90000, 0x0000000158240000)
  eden space 22592K, 0% used [0x000000013e440000,0x000000013e440000,0x000000013fa50000)
  from space 256K, 0% used [0x0000000140e50000,0x0000000140e50000,0x0000000140e90000)
  to   space 3264K, 0% used [0x0000000140830000,0x0000000140830000,0x0000000140b60000)
 ParOldGen       total 195136K, used 54080K [0x000000010a840000, 0x00000001166d0000, 0x000000013e440000)
  object space 195136K, 27% used [0x000000010a840000,0x000000010dd102c0,0x00000001166d0000)
 PSPermGen       total 37696K, used 18502K [0x0000000105640000, 0x0000000107b10000, 0x000000010a840000)
  object space 37696K, 49% used [0x0000000105640000,0x0000000106851a68,0x0000000107b10000)
}
Event: 4.586 GC heap before
{Heap before GC invocations=9 (full 4):
 PSYoungGen      total 22848K, used 22592K [0x000000013e440000, 0x0000000140e90000, 0x0000000158240000)
  eden space 22592K, 100% used [0x000000013e440000,0x000000013fa50000,0x000000013fa50000)
  from space 256K, 0% used [0x0000000140e50000,0x0000000140e50000,0x0000000140e90000)
  to   space 3264K, 0% used [0x0000000140830000,0x0000000140830000,0x0000000140b60000)
 ParOldGen       total 195136K, used 163455K [0x000000010a840000, 0x00000001166d0000, 0x000000013e440000)
  object space 195136K, 83% used [0x000000010a840000,0x00000001147dff30,0x00000001166d0000)
 PSPermGen       total 37696K, used 18543K [0x0000000105640000, 0x0000000107b10000, 0x000000010a840000)
  object space 37696K, 49% used [0x0000000105640000,0x000000010685bf18,0x0000000107b10000)
Event: 4.631 GC heap after
Heap after GC invocations=9 (full 4):
 PSYoungGen      total 27072K, used 486K [0x000000013e440000, 0x00000001411f0000, 0x0000000158240000)
  eden space 26560K, 0% used [0x000000013e440000,0x000000013e440000,0x000000013fe30000)
  from space 512K, 94% used [0x0000000140830000,0x00000001408a9960,0x00000001408b0000)
  to   space 9472K, 0% used [0x00000001408b0000,0x00000001408b0000,0x00000001411f0000)
 ParOldGen       total 195136K, used 163455K [0x000000010a840000, 0x00000001166d0000, 0x000000013e440000)
  object space 195136K, 83% used [0x000000010a840000,0x00000001147dff30,0x00000001166d0000)
 PSPermGen       total 37696K, used 18543K [0x0000000105640000, 0x0000000107b10000, 0x000000010a840000)
  object space 37696K, 49% used [0x0000000105640000,0x000000010685bf18,0x0000000107b10000)
}
Event: 5.395 GC heap before
{Heap before GC invocations=10 (full 5):
 PSYoungGen      total 27072K, used 27046K [0x000000013e440000, 0x00000001411f0000, 0x0000000158240000)
  eden space 26560K, 100% used [0x000000013e440000,0x000000013fe30000,0x000000013fe30000)
  from space 512K, 94% used [0x0000000140830000,0x00000001408a9960,0x00000001408b0000)
  to   space 9472K, 0% used [0x00000001408b0000,0x00000001408b0000,0x00000001411f0000)
 ParOldGen       total 367616K, used 366581K [0x000000010a840000, 0x0000000120f40000, 0x000000013e440000)
  object space 367616K, 99% used [0x000000010a840000,0x0000000120e3d400,0x0000000120f40000)
 PSPermGen       total 37696K, used 18598K [0x0000000105640000, 0x0000000107b10000, 0x000000010a840000)
  object space 37696K, 49% used [0x0000000105640000,0x00000001068699a8,0x0000000107b10000)
Event: 5.528 GC heap after
Heap after GC invocations=10 (full 5):
 PSYoungGen      total 27072K, used 0K [0x000000013e440000, 0x00000001411f0000, 0x0000000158240000)
  eden space 26560K, 0% used [0x000000013e440000,0x000000013e440000,0x000000013fe30000)
  from space 512K, 0% used [0x0000000140830000,0x0000000140830000,0x00000001408b0000)
  to   space 9472K, 0% used [0x00000001408b0000,0x00000001408b0000,0x00000001411f0000)
 ParOldGen       total 238464K, used 54716K [0x000000010a840000, 0x0000000119120000, 0x000000013e440000)
  object space 238464K, 22% used [0x000000010a840000,0x000000010ddaf218,0x0000000119120000)
 PSPermGen       total 35968K, used 18598K [0x0000000105640000, 0x0000000107960000, 0x000000010a840000)
  object space 35968K, 51% used [0x0000000105640000,0x0000000106869908,0x0000000107960000)
}
Event: 7.154 GC heap before
{Heap before GC invocations=11 (full 5):
 PSYoungGen      total 27072K, used 26560K [0x000000013e440000, 0x00000001411f0000, 0x0000000158240000)
  eden space 26560K, 100% used [0x000000013e440000,0x000000013fe30000,0x000000013fe30000)
  from space 512K, 0% used [0x0000000140830000,0x0000000140830000,0x00000001408b0000)
  to   space 9472K, 0% used [0x00000001408b0000,0x00000001408b0000,0x00000001411f0000)
 ParOldGen       total 238464K, used 179716K [0x000000010a840000, 0x0000000119120000, 0x000000013e440000)
  object space 238464K, 75% used [0x000000010a840000,0x00000001157c1298,0x0000000119120000)
 PSPermGen       total 35968K, used 19350K [0x0000000105640000, 0x0000000107960000, 0x000000010a840000)
  object space 35968K, 53% used [0x0000000105640000,0x00000001069258e8,0x0000000107960000)
Event: 7.205 GC heap after
Heap after GC invocations=11 (full 5):
 PSYoungGen      total 37312K, used 1578K [0x000000013e440000, 0x0000000141530000, 0x0000000158240000)
  eden space 27840K, 0% used [0x000000013e440000,0x000000013e440000,0x000000013ff70000)
  from space 9472K, 16% used [0x00000001408b0000,0x0000000140a3aaf8,0x00000001411f0000)
  to   space 9472K, 0% used [0x000000013ff70000,0x000000013ff70000,0x00000001408b0000)
 ParOldGen       total 238464K, used 179724K [0x000000010a840000, 0x0000000119120000, 0x000000013e440000)
  object space 238464K, 75% used [0x000000010a840000,0x00000001157c3298,0x0000000119120000)
 PSPermGen       total 35968K, used 19350K [0x0000000105640000, 0x0000000107960000, 0x000000010a840000)
  object space 35968K, 53% used [0x0000000105640000,0x00000001069258e8,0x0000000107960000)
}

